<?xml version="1.0" encoding="UTF-8"?>
<!-- Generated by org.testng.reporters.JUnitReportReporter -->
<testsuite hostname="WAILAP124" failures="0" tests="1" name="BasicFramework.SwitchToTenant" time="64.392" errors="0" timestamp="2022-07-22T11:52:00 IST" skipped="0">
  <testcase classname="BasicFramework.SwitchToTenant" name="switchtotenant" time="64.392"/>
</testsuite> <!-- BasicFramework.SwitchToTenant -->
